{"total": {"lines":{"total":197,"covered":104,"skipped":0,"pct":52.79},"statements":{"total":199,"covered":105,"skipped":0,"pct":52.76},"functions":{"total":52,"covered":17,"skipped":0,"pct":32.69},"branches":{"total":41,"covered":11,"skipped":0,"pct":26.83}}
,"/home/manjunathan/crudapp/RestApi/app.js": {"lines":{"total":12,"covered":11,"skipped":0,"pct":91.67},"functions":{"total":2,"covered":0,"skipped":0,"pct":0},"statements":{"total":13,"covered":11,"skipped":0,"pct":84.62},"branches":{"total":0,"covered":0,"skipped":0,"pct":100}}
,"/home/manjunathan/crudapp/RestApi/dbconfig.js": {"lines":{"total":6,"covered":5,"skipped":0,"pct":83.33},"functions":{"total":1,"covered":1,"skipped":0,"pct":100},"statements":{"total":6,"covered":5,"skipped":0,"pct":83.33},"branches":{"total":2,"covered":1,"skipped":0,"pct":50}}
,"/home/manjunathan/crudapp/RestApi/server.js": {"lines":{"total":6,"covered":6,"skipped":0,"pct":100},"functions":{"total":1,"covered":1,"skipped":0,"pct":100},"statements":{"total":7,"covered":7,"skipped":0,"pct":100},"branches":{"total":2,"covered":2,"skipped":0,"pct":100}}
,"/home/manjunathan/crudapp/RestApi/controllers/student.controller.js": {"lines":{"total":101,"covered":19,"skipped":0,"pct":18.81},"functions":{"total":37,"covered":5,"skipped":0,"pct":13.51},"statements":{"total":101,"covered":19,"skipped":0,"pct":18.81},"branches":{"total":26,"covered":1,"skipped":0,"pct":3.85}}
,"/home/manjunathan/crudapp/RestApi/middleware/auth.js": {"lines":{"total":8,"covered":2,"skipped":0,"pct":25},"functions":{"total":1,"covered":0,"skipped":0,"pct":0},"statements":{"total":8,"covered":2,"skipped":0,"pct":25},"branches":{"total":0,"covered":0,"skipped":0,"pct":100}}
,"/home/manjunathan/crudapp/RestApi/middleware/validation.js": {"lines":{"total":10,"covered":8,"skipped":0,"pct":80},"functions":{"total":1,"covered":1,"skipped":0,"pct":100},"statements":{"total":10,"covered":8,"skipped":0,"pct":80},"branches":{"total":2,"covered":1,"skipped":0,"pct":50}}
,"/home/manjunathan/crudapp/RestApi/models/department.js": {"lines":{"total":4,"covered":4,"skipped":0,"pct":100},"functions":{"total":2,"covered":2,"skipped":0,"pct":100},"statements":{"total":4,"covered":4,"skipped":0,"pct":100},"branches":{"total":0,"covered":0,"skipped":0,"pct":100}}
,"/home/manjunathan/crudapp/RestApi/models/index.js": {"lines":{"total":21,"covered":20,"skipped":0,"pct":95.24},"functions":{"total":3,"covered":3,"skipped":0,"pct":100},"statements":{"total":21,"covered":20,"skipped":0,"pct":95.24},"branches":{"total":9,"covered":6,"skipped":0,"pct":66.67}}
,"/home/manjunathan/crudapp/RestApi/models/student.js": {"lines":{"total":4,"covered":4,"skipped":0,"pct":100},"functions":{"total":2,"covered":2,"skipped":0,"pct":100},"statements":{"total":4,"covered":4,"skipped":0,"pct":100},"branches":{"total":0,"covered":0,"skipped":0,"pct":100}}
,"/home/manjunathan/crudapp/RestApi/models/user.js": {"lines":{"total":4,"covered":4,"skipped":0,"pct":100},"functions":{"total":2,"covered":2,"skipped":0,"pct":100},"statements":{"total":4,"covered":4,"skipped":0,"pct":100},"branches":{"total":0,"covered":0,"skipped":0,"pct":100}}
,"/home/manjunathan/crudapp/RestApi/routes/student.js": {"lines":{"total":21,"covered":21,"skipped":0,"pct":100},"functions":{"total":0,"covered":0,"skipped":0,"pct":100},"statements":{"total":21,"covered":21,"skipped":0,"pct":100},"branches":{"total":0,"covered":0,"skipped":0,"pct":100}}
}
