{"/home/manjunathan/crudapp/RestApi/app.js": {"path":"/home/manjunathan/crudapp/RestApi/app.js","statementMap":{"0":{"start":{"line":1,"column":13},"end":{"line":1,"column":40}},"1":{"start":{"line":2,"column":16},"end":{"line":2,"column":34}},"2":{"start":{"line":3,"column":11},"end":{"line":3,"column":32}},"3":{"start":{"line":4,"column":12},"end":{"line":4,"column":21}},"4":{"start":{"line":5,"column":19},"end":{"line":5,"column":41}},"5":{"start":{"line":6,"column":0},"end":{"line":6,"column":27}},"6":{"start":{"line":8,"column":0},"end":{"line":10,"column":3}},"7":{"start":{"line":9,"column":4},"end":{"line":9,"column":28}},"8":{"start":{"line":12,"column":0},"end":{"line":12,"column":48}},"9":{"start":{"line":12,"column":31},"end":{"line":12,"column":47}},"10":{"start":{"line":14,"column":21},"end":{"line":14,"column":48}},"11":{"start":{"line":16,"column":0},"end":{"line":16,"column":33}},"12":{"start":{"line":20,"column":0},"end":{"line":20,"column":21}}},"fnMap":{"0":{"name":"(anonymous_0)","decl":{"start":{"line":8,"column":12},"end":{"line":8,"column":13}},"loc":{"start":{"line":8,"column":23},"end":{"line":10,"column":1}},"line":8},"1":{"name":"(anonymous_1)","decl":{"start":{"line":12,"column":17},"end":{"line":12,"column":18}},"loc":{"start":{"line":12,"column":31},"end":{"line":12,"column":47}},"line":12}},"branchMap":{},"s":{"0":1,"1":1,"2":1,"3":1,"4":1,"5":1,"6":1,"7":0,"8":1,"9":0,"10":1,"11":1,"12":1},"f":{"0":0,"1":0},"b":{},"_coverageSchema":"1a1c01bbd47fc00a2c39e90264f33305004495a9","hash":"6e1b3ca56fd511abd1a69aa3d9b32aae645b8263"}
,"/home/manjunathan/crudapp/RestApi/dbconfig.js": {"path":"/home/manjunathan/crudapp/RestApi/dbconfig.js","statementMap":{"0":{"start":{"line":1,"column":14},"end":{"line":1,"column":30}},"1":{"start":{"line":3,"column":9},"end":{"line":9,"column":2}},"2":{"start":{"line":11,"column":0},"end":{"line":17,"column":3}},"3":{"start":{"line":12,"column":0},"end":{"line":15,"column":85}},"4":{"start":{"line":13,"column":0},"end":{"line":13,"column":52}},"5":{"start":{"line":15,"column":0},"end":{"line":15,"column":85}}},"fnMap":{"0":{"name":"(anonymous_0)","decl":{"start":{"line":11,"column":11},"end":{"line":11,"column":12}},"loc":{"start":{"line":11,"column":20},"end":{"line":17,"column":1}},"line":11}},"branchMap":{"0":{"loc":{"start":{"line":12,"column":0},"end":{"line":15,"column":85}},"type":"if","locations":[{"start":{"line":12,"column":0},"end":{"line":15,"column":85}},{"start":{"line":12,"column":0},"end":{"line":15,"column":85}}],"line":12}},"s":{"0":1,"1":1,"2":1,"3":1,"4":1,"5":0},"f":{"0":1},"b":{"0":[1,0]},"_coverageSchema":"1a1c01bbd47fc00a2c39e90264f33305004495a9","hash":"82714769a6efe8c9ebc1a66c350dd57a6214f0de"}
,"/home/manjunathan/crudapp/RestApi/server.js": {"path":"/home/manjunathan/crudapp/RestApi/server.js","statementMap":{"0":{"start":{"line":1,"column":13},"end":{"line":1,"column":40}},"1":{"start":{"line":2,"column":13},"end":{"line":2,"column":28}},"2":{"start":{"line":3,"column":12},"end":{"line":3,"column":28}},"3":{"start":{"line":5,"column":11},"end":{"line":5,"column":35}},"4":{"start":{"line":7,"column":0},"end":{"line":7,"column":70}},"5":{"start":{"line":7,"column":23},"end":{"line":7,"column":68}},"6":{"start":{"line":8,"column":0},"end":{"line":8,"column":19}}},"fnMap":{"0":{"name":"(anonymous_0)","decl":{"start":{"line":7,"column":18},"end":{"line":7,"column":19}},"loc":{"start":{"line":7,"column":23},"end":{"line":7,"column":68}},"line":7}},"branchMap":{"0":{"loc":{"start":{"line":5,"column":11},"end":{"line":5,"column":35}},"type":"binary-expr","locations":[{"start":{"line":5,"column":11},"end":{"line":5,"column":27}},{"start":{"line":5,"column":31},"end":{"line":5,"column":35}}],"line":5}},"s":{"0":1,"1":1,"2":1,"3":1,"4":1,"5":1,"6":1},"f":{"0":1},"b":{"0":[1,1]},"_coverageSchema":"1a1c01bbd47fc00a2c39e90264f33305004495a9","hash":"1c4631f22d906f6485999101f1ae286df51fc344"}
,"/home/manjunathan/crudapp/RestApi/controllers/student.controller.js": {"path":"/home/manjunathan/crudapp/RestApi/controllers/student.controller.js","statementMap":{"0":{"start":{"line":1,"column":18},"end":{"line":1,"column":36}},"1":{"start":{"line":2,"column":15},"end":{"line":2,"column":35}},"2":{"start":{"line":3,"column":12},"end":{"line":3,"column":34}},"3":{"start":{"line":4,"column":18},"end":{"line":4,"column":46}},"4":{"start":{"line":5,"column":12},"end":{"line":5,"column":35}},"5":{"start":{"line":6,"column":18},"end":{"line":6,"column":37}},"6":{"start":{"line":7,"column":17},"end":{"line":7,"column":34}},"7":{"start":{"line":8,"column":26},"end":{"line":8,"column":43}},"8":{"start":{"line":9,"column":16},"end":{"line":9,"column":34}},"9":{"start":{"line":13,"column":20},"end":{"line":19,"column":5}},"10":{"start":{"line":20,"column":0},"end":{"line":26,"column":3}},"11":{"start":{"line":21,"column":4},"end":{"line":25,"column":1}},"12":{"start":{"line":22,"column":8},"end":{"line":24,"column":7}},"13":{"start":{"line":28,"column":0},"end":{"line":41,"column":3}},"14":{"start":{"line":29,"column":4},"end":{"line":32,"column":7}},"15":{"start":{"line":36,"column":4},"end":{"line":39,"column":7}},"16":{"start":{"line":48,"column":15},"end":{"line":48,"column":28}},"17":{"start":{"line":49,"column":4},"end":{"line":62,"column":7}},"18":{"start":{"line":50,"column":8},"end":{"line":56,"column":9}},"19":{"start":{"line":51,"column":12},"end":{"line":51,"column":41}},"20":{"start":{"line":53,"column":12},"end":{"line":55,"column":14}},"21":{"start":{"line":60,"column":8},"end":{"line":60,"column":52}},"22":{"start":{"line":68,"column":4},"end":{"line":73,"column":7}},"23":{"start":{"line":69,"column":4},"end":{"line":69,"column":32}},"24":{"start":{"line":72,"column":8},"end":{"line":72,"column":52}},"25":{"start":{"line":81,"column":16},"end":{"line":81,"column":29}},"26":{"start":{"line":82,"column":27},"end":{"line":87,"column":5}},"27":{"start":{"line":92,"column":4},"end":{"line":105,"column":7}},"28":{"start":{"line":94,"column":8},"end":{"line":98,"column":11}},"29":{"start":{"line":101,"column":8},"end":{"line":104,"column":11}},"30":{"start":{"line":109,"column":15},"end":{"line":109,"column":28}},"31":{"start":{"line":111,"column":4},"end":{"line":123,"column":7}},"32":{"start":{"line":113,"column":8},"end":{"line":116,"column":11}},"33":{"start":{"line":119,"column":8},"end":{"line":122,"column":11}},"34":{"start":{"line":131,"column":4},"end":{"line":169,"column":3}},"35":{"start":{"line":132,"column":8},"end":{"line":164,"column":5}},"36":{"start":{"line":133,"column":12},"end":{"line":135,"column":7}},"37":{"start":{"line":138,"column":8},"end":{"line":162,"column":11}},"38":{"start":{"line":139,"column":12},"end":{"line":161,"column":15}},"39":{"start":{"line":141,"column":29},"end":{"line":146,"column":17}},"40":{"start":{"line":148,"column":16},"end":{"line":160,"column":19}},"41":{"start":{"line":149,"column":20},"end":{"line":152,"column":23}},"42":{"start":{"line":156,"column":20},"end":{"line":158,"column":23}},"43":{"start":{"line":166,"column":4},"end":{"line":168,"column":7}},"44":{"start":{"line":175,"column":4},"end":{"line":206,"column":7}},"45":{"start":{"line":176,"column":8},"end":{"line":200,"column":9}},"46":{"start":{"line":177,"column":12},"end":{"line":179,"column":15}},"47":{"start":{"line":181,"column":12},"end":{"line":198,"column":15}},"48":{"start":{"line":182,"column":16},"end":{"line":196,"column":17}},"49":{"start":{"line":183,"column":32},"end":{"line":190,"column":22}},"50":{"start":{"line":186,"column":24},"end":{"line":189,"column":27}},"51":{"start":{"line":193,"column":20},"end":{"line":195,"column":23}},"52":{"start":{"line":203,"column":8},"end":{"line":205,"column":11}},"53":{"start":{"line":210,"column":22},"end":{"line":215,"column":3}},"54":{"start":{"line":211,"column":18},"end":{"line":211,"column":34}},"55":{"start":{"line":212,"column":19},"end":{"line":212,"column":42}},"56":{"start":{"line":214,"column":4},"end":{"line":214,"column":29}},"57":{"start":{"line":217,"column":24},"end":{"line":223,"column":3}},"58":{"start":{"line":218,"column":50},"end":{"line":218,"column":54}},"59":{"start":{"line":219,"column":24},"end":{"line":219,"column":40}},"60":{"start":{"line":220,"column":23},"end":{"line":220,"column":52}},"61":{"start":{"line":222,"column":4},"end":{"line":222,"column":71}},"62":{"start":{"line":228,"column":24},"end":{"line":228,"column":33}},"63":{"start":{"line":229,"column":27},"end":{"line":229,"column":51}},"64":{"start":{"line":230,"column":4},"end":{"line":240,"column":7}},"65":{"start":{"line":232,"column":23},"end":{"line":232,"column":55}},"66":{"start":{"line":233,"column":6},"end":{"line":233,"column":25}},"67":{"start":{"line":236,"column":6},"end":{"line":239,"column":9}},"68":{"start":{"line":247,"column":22},"end":{"line":247,"column":23}},"69":{"start":{"line":248,"column":21},"end":{"line":248,"column":22}},"70":{"start":{"line":249,"column":18},"end":{"line":249,"column":26}},"71":{"start":{"line":251,"column":19},"end":{"line":256,"column":5}},"72":{"start":{"line":258,"column":4},"end":{"line":274,"column":5}},"73":{"start":{"line":259,"column":22},"end":{"line":259,"column":88}},"74":{"start":{"line":260,"column":8},"end":{"line":273,"column":9}},"75":{"start":{"line":261,"column":12},"end":{"line":261,"column":67}},"76":{"start":{"line":264,"column":18},"end":{"line":264,"column":33}},"77":{"start":{"line":265,"column":22},"end":{"line":265,"column":60}},"78":{"start":{"line":266,"column":8},"end":{"line":270,"column":13}},"79":{"start":{"line":267,"column":8},"end":{"line":267,"column":20}},"80":{"start":{"line":269,"column":8},"end":{"line":269,"column":16}},"81":{"start":{"line":271,"column":21},"end":{"line":271,"column":60}},"82":{"start":{"line":272,"column":8},"end":{"line":272,"column":23}},"83":{"start":{"line":275,"column":4},"end":{"line":279,"column":7}},"84":{"start":{"line":287,"column":22},"end":{"line":287,"column":23}},"85":{"start":{"line":288,"column":21},"end":{"line":288,"column":22}},"86":{"start":{"line":289,"column":18},"end":{"line":289,"column":26}},"87":{"start":{"line":291,"column":19},"end":{"line":295,"column":5}},"88":{"start":{"line":297,"column":4},"end":{"line":309,"column":5}},"89":{"start":{"line":299,"column":18},"end":{"line":299,"column":33}},"90":{"start":{"line":300,"column":22},"end":{"line":300,"column":60}},"91":{"start":{"line":301,"column":8},"end":{"line":304,"column":9}},"92":{"start":{"line":302,"column":8},"end":{"line":302,"column":20}},"93":{"start":{"line":303,"column":8},"end":{"line":303,"column":16}},"94":{"start":{"line":306,"column":21},"end":{"line":306,"column":97}},"95":{"start":{"line":307,"column":8},"end":{"line":307,"column":23}},"96":{"start":{"line":310,"column":4},"end":{"line":314,"column":7}},"97":{"start":{"line":319,"column":4},"end":{"line":323,"column":7}},"98":{"start":{"line":320,"column":8},"end":{"line":322,"column":9}},"99":{"start":{"line":321,"column":12},"end":{"line":321,"column":26}},"100":{"start":{"line":328,"column":0},"end":{"line":340,"column":1}}},"fnMap":{"0":{"name":"save","decl":{"start":{"line":12,"column":9},"end":{"line":12,"column":13}},"loc":{"start":{"line":12,"column":22},"end":{"line":44,"column":1}},"line":12},"1":{"name":"(anonymous_1)","decl":{"start":{"line":20,"column":64},"end":{"line":20,"column":65}},"loc":{"start":{"line":20,"column":73},"end":{"line":26,"column":1}},"line":20},"2":{"name":"(anonymous_2)","decl":{"start":{"line":28,"column":36},"end":{"line":28,"column":37}},"loc":{"start":{"line":28,"column":45},"end":{"line":35,"column":1}},"line":28},"3":{"name":"(anonymous_3)","decl":{"start":{"line":35,"column":9},"end":{"line":35,"column":10}},"loc":{"start":{"line":35,"column":17},"end":{"line":41,"column":1}},"line":35},"4":{"name":"showById","decl":{"start":{"line":47,"column":9},"end":{"line":47,"column":17}},"loc":{"start":{"line":47,"column":26},"end":{"line":64,"column":1}},"line":47},"5":{"name":"(anonymous_5)","decl":{"start":{"line":49,"column":37},"end":{"line":49,"column":38}},"loc":{"start":{"line":49,"column":45},"end":{"line":59,"column":5}},"line":49},"6":{"name":"(anonymous_6)","decl":{"start":{"line":59,"column":13},"end":{"line":59,"column":14}},"loc":{"start":{"line":59,"column":20},"end":{"line":62,"column":5}},"line":59},"7":{"name":"showall","decl":{"start":{"line":66,"column":9},"end":{"line":66,"column":16}},"loc":{"start":{"line":66,"column":25},"end":{"line":75,"column":1}},"line":66},"8":{"name":"(anonymous_8)","decl":{"start":{"line":68,"column":34},"end":{"line":68,"column":35}},"loc":{"start":{"line":68,"column":42},"end":{"line":69,"column":33}},"line":68},"9":{"name":"(anonymous_9)","decl":{"start":{"line":70,"column":11},"end":{"line":70,"column":12}},"loc":{"start":{"line":70,"column":18},"end":{"line":73,"column":5}},"line":70},"10":{"name":"update","decl":{"start":{"line":80,"column":9},"end":{"line":80,"column":15}},"loc":{"start":{"line":80,"column":24},"end":{"line":106,"column":1}},"line":80},"11":{"name":"(anonymous_11)","decl":{"start":{"line":92,"column":67},"end":{"line":92,"column":68}},"loc":{"start":{"line":92,"column":75},"end":{"line":100,"column":5}},"line":92},"12":{"name":"(anonymous_12)","decl":{"start":{"line":100,"column":13},"end":{"line":100,"column":14}},"loc":{"start":{"line":100,"column":21},"end":{"line":105,"column":5}},"line":100},"13":{"name":"deletestudent","decl":{"start":{"line":108,"column":9},"end":{"line":108,"column":22}},"loc":{"start":{"line":108,"column":32},"end":{"line":126,"column":1}},"line":108},"14":{"name":"(anonymous_14)","decl":{"start":{"line":111,"column":53},"end":{"line":111,"column":54}},"loc":{"start":{"line":111,"column":61},"end":{"line":118,"column":5}},"line":111},"15":{"name":"(anonymous_15)","decl":{"start":{"line":118,"column":13},"end":{"line":118,"column":14}},"loc":{"start":{"line":118,"column":21},"end":{"line":123,"column":5}},"line":118},"16":{"name":"signup","decl":{"start":{"line":128,"column":9},"end":{"line":128,"column":15}},"loc":{"start":{"line":128,"column":24},"end":{"line":171,"column":1}},"line":128},"17":{"name":"(anonymous_17)","decl":{"start":{"line":131,"column":65},"end":{"line":131,"column":66}},"loc":{"start":{"line":131,"column":74},"end":{"line":165,"column":1}},"line":131},"18":{"name":"(anonymous_18)","decl":{"start":{"line":138,"column":28},"end":{"line":138,"column":29}},"loc":{"start":{"line":138,"column":46},"end":{"line":162,"column":9}},"line":138},"19":{"name":"(anonymous_19)","decl":{"start":{"line":139,"column":53},"end":{"line":139,"column":54}},"loc":{"start":{"line":139,"column":71},"end":{"line":161,"column":13}},"line":139},"20":{"name":"(anonymous_20)","decl":{"start":{"line":148,"column":46},"end":{"line":148,"column":47}},"loc":{"start":{"line":148,"column":55},"end":{"line":155,"column":17}},"line":148},"21":{"name":"(anonymous_21)","decl":{"start":{"line":155,"column":25},"end":{"line":155,"column":26}},"loc":{"start":{"line":155,"column":33},"end":{"line":160,"column":17}},"line":155},"22":{"name":"(anonymous_22)","decl":{"start":{"line":165,"column":9},"end":{"line":165,"column":10}},"loc":{"start":{"line":165,"column":16},"end":{"line":169,"column":1}},"line":165},"23":{"name":"login","decl":{"start":{"line":173,"column":9},"end":{"line":173,"column":14}},"loc":{"start":{"line":173,"column":23},"end":{"line":208,"column":1}},"line":173},"24":{"name":"(anonymous_24)","decl":{"start":{"line":175,"column":63},"end":{"line":175,"column":64}},"loc":{"start":{"line":175,"column":71},"end":{"line":202,"column":5}},"line":175},"25":{"name":"(anonymous_25)","decl":{"start":{"line":181,"column":65},"end":{"line":181,"column":66}},"loc":{"start":{"line":181,"column":87},"end":{"line":198,"column":13}},"line":181},"26":{"name":"(anonymous_26)","decl":{"start":{"line":185,"column":34},"end":{"line":185,"column":35}},"loc":{"start":{"line":185,"column":53},"end":{"line":190,"column":21}},"line":185},"27":{"name":"(anonymous_27)","decl":{"start":{"line":202,"column":13},"end":{"line":202,"column":14}},"loc":{"start":{"line":202,"column":21},"end":{"line":206,"column":5}},"line":202},"28":{"name":"(anonymous_28)","decl":{"start":{"line":210,"column":22},"end":{"line":210,"column":23}},"loc":{"start":{"line":210,"column":38},"end":{"line":215,"column":3}},"line":210},"29":{"name":"(anonymous_29)","decl":{"start":{"line":217,"column":24},"end":{"line":217,"column":25}},"loc":{"start":{"line":217,"column":47},"end":{"line":223,"column":3}},"line":217},"30":{"name":"page","decl":{"start":{"line":227,"column":9},"end":{"line":227,"column":13}},"loc":{"start":{"line":227,"column":22},"end":{"line":241,"column":1}},"line":227},"31":{"name":"(anonymous_31)","decl":{"start":{"line":231,"column":10},"end":{"line":231,"column":11}},"loc":{"start":{"line":231,"column":18},"end":{"line":234,"column":5}},"line":231},"32":{"name":"(anonymous_32)","decl":{"start":{"line":235,"column":11},"end":{"line":235,"column":12}},"loc":{"start":{"line":235,"column":18},"end":{"line":240,"column":5}},"line":235},"33":{"name":"bulkinsertion","decl":{"start":{"line":243,"column":15},"end":{"line":243,"column":28}},"loc":{"start":{"line":243,"column":37},"end":{"line":280,"column":3}},"line":243},"34":{"name":"bulkupdate","decl":{"start":{"line":283,"column":17},"end":{"line":283,"column":27}},"loc":{"start":{"line":283,"column":36},"end":{"line":315,"column":1}},"line":283},"35":{"name":"callExternalApiUsingRequest","decl":{"start":{"line":318,"column":9},"end":{"line":318,"column":36}},"loc":{"start":{"line":318,"column":45},"end":{"line":325,"column":1}},"line":318},"36":{"name":"(anonymous_36)","decl":{"start":{"line":319,"column":56},"end":{"line":319,"column":57}},"loc":{"start":{"line":319,"column":86},"end":{"line":323,"column":5}},"line":319}},"branchMap":{"0":{"loc":{"start":{"line":21,"column":4},"end":{"line":25,"column":1}},"type":"if","locations":[{"start":{"line":21,"column":4},"end":{"line":25,"column":1}},{"start":{"line":21,"column":4},"end":{"line":25,"column":1}}],"line":21},"1":{"loc":{"start":{"line":50,"column":8},"end":{"line":56,"column":9}},"type":"if","locations":[{"start":{"line":50,"column":8},"end":{"line":56,"column":9}},{"start":{"line":50,"column":8},"end":{"line":56,"column":9}}],"line":50},"2":{"loc":{"start":{"line":132,"column":8},"end":{"line":164,"column":5}},"type":"if","locations":[{"start":{"line":132,"column":8},"end":{"line":164,"column":5}},{"start":{"line":132,"column":8},"end":{"line":164,"column":5}}],"line":132},"3":{"loc":{"start":{"line":176,"column":8},"end":{"line":200,"column":9}},"type":"if","locations":[{"start":{"line":176,"column":8},"end":{"line":200,"column":9}},{"start":{"line":176,"column":8},"end":{"line":200,"column":9}}],"line":176},"4":{"loc":{"start":{"line":182,"column":16},"end":{"line":196,"column":17}},"type":"if","locations":[{"start":{"line":182,"column":16},"end":{"line":196,"column":17}},{"start":{"line":182,"column":16},"end":{"line":196,"column":17}}],"line":182},"5":{"loc":{"start":{"line":211,"column":18},"end":{"line":211,"column":34}},"type":"cond-expr","locations":[{"start":{"line":211,"column":25},"end":{"line":211,"column":30}},{"start":{"line":211,"column":33},"end":{"line":211,"column":34}}],"line":211},"6":{"loc":{"start":{"line":212,"column":19},"end":{"line":212,"column":42}},"type":"cond-expr","locations":[{"start":{"line":212,"column":26},"end":{"line":212,"column":38}},{"start":{"line":212,"column":41},"end":{"line":212,"column":42}}],"line":212},"7":{"loc":{"start":{"line":219,"column":24},"end":{"line":219,"column":40}},"type":"cond-expr","locations":[{"start":{"line":219,"column":31},"end":{"line":219,"column":36}},{"start":{"line":219,"column":39},"end":{"line":219,"column":40}}],"line":219},"8":{"loc":{"start":{"line":238,"column":10},"end":{"line":238,"column":74}},"type":"binary-expr","locations":[{"start":{"line":238,"column":10},"end":{"line":238,"column":21}},{"start":{"line":238,"column":25},"end":{"line":238,"column":74}}],"line":238},"9":{"loc":{"start":{"line":260,"column":8},"end":{"line":273,"column":9}},"type":"if","locations":[{"start":{"line":260,"column":8},"end":{"line":273,"column":9}},{"start":{"line":260,"column":8},"end":{"line":273,"column":9}}],"line":260},"10":{"loc":{"start":{"line":266,"column":8},"end":{"line":270,"column":13}},"type":"if","locations":[{"start":{"line":266,"column":8},"end":{"line":270,"column":13}},{"start":{"line":266,"column":8},"end":{"line":270,"column":13}}],"line":266},"11":{"loc":{"start":{"line":301,"column":8},"end":{"line":304,"column":9}},"type":"if","locations":[{"start":{"line":301,"column":8},"end":{"line":304,"column":9}},{"start":{"line":301,"column":8},"end":{"line":304,"column":9}}],"line":301},"12":{"loc":{"start":{"line":320,"column":8},"end":{"line":322,"column":9}},"type":"if","locations":[{"start":{"line":320,"column":8},"end":{"line":322,"column":9}},{"start":{"line":320,"column":8},"end":{"line":322,"column":9}}],"line":320}},"s":{"0":1,"1":1,"2":1,"3":1,"4":1,"5":1,"6":1,"7":1,"8":1,"9":1,"10":1,"11":1,"12":0,"13":1,"14":1,"15":0,"16":0,"17":0,"18":0,"19":0,"20":0,"21":0,"22":1,"23":1,"24":0,"25":0,"26":0,"27":0,"28":0,"29":0,"30":0,"31":0,"32":0,"33":0,"34":0,"35":0,"36":0,"37":0,"38":0,"39":0,"40":0,"41":0,"42":0,"43":0,"44":0,"45":0,"46":0,"47":0,"48":0,"49":0,"50":0,"51":0,"52":0,"53":1,"54":0,"55":0,"56":0,"57":1,"58":0,"59":0,"60":0,"61":0,"62":0,"63":0,"64":0,"65":0,"66":0,"67":0,"68":0,"69":0,"70":0,"71":0,"72":0,"73":0,"74":0,"75":0,"76":0,"77":0,"78":0,"79":0,"80":0,"81":0,"82":0,"83":0,"84":0,"85":0,"86":0,"87":0,"88":0,"89":0,"90":0,"91":0,"92":0,"93":0,"94":0,"95":0,"96":0,"97":0,"98":0,"99":0,"100":1},"f":{"0":1,"1":1,"2":1,"3":0,"4":0,"5":0,"6":0,"7":1,"8":1,"9":0,"10":0,"11":0,"12":0,"13":0,"14":0,"15":0,"16":0,"17":0,"18":0,"19":0,"20":0,"21":0,"22":0,"23":0,"24":0,"25":0,"26":0,"27":0,"28":0,"29":0,"30":0,"31":0,"32":0,"33":0,"34":0,"35":0,"36":0},"b":{"0":[0,1],"1":[0,0],"2":[0,0],"3":[0,0],"4":[0,0],"5":[0,0],"6":[0,0],"7":[0,0],"8":[0,0],"9":[0,0],"10":[0,0],"11":[0,0],"12":[0,0]},"_coverageSchema":"1a1c01bbd47fc00a2c39e90264f33305004495a9","hash":"d1f405fcba15f0e03c78463957e3db9bee3aedd9"}
,"/home/manjunathan/crudapp/RestApi/middleware/auth.js": {"path":"/home/manjunathan/crudapp/RestApi/middleware/auth.js","statementMap":{"0":{"start":{"line":1,"column":12},"end":{"line":1,"column":35}},"1":{"start":{"line":5,"column":4},"end":{"line":17,"column":5}},"2":{"start":{"line":7,"column":22},"end":{"line":7,"column":61}},"3":{"start":{"line":8,"column":29},"end":{"line":8,"column":57}},"4":{"start":{"line":9,"column":8},"end":{"line":9,"column":36}},"5":{"start":{"line":10,"column":8},"end":{"line":10,"column":15}},"6":{"start":{"line":14,"column":8},"end":{"line":16,"column":10}},"7":{"start":{"line":21,"column":0},"end":{"line":23,"column":1}}},"fnMap":{"0":{"name":"checkAuth","decl":{"start":{"line":3,"column":9},"end":{"line":3,"column":18}},"loc":{"start":{"line":3,"column":32},"end":{"line":18,"column":1}},"line":3}},"branchMap":{},"s":{"0":1,"1":0,"2":0,"3":0,"4":0,"5":0,"6":0,"7":1},"f":{"0":0},"b":{},"_coverageSchema":"1a1c01bbd47fc00a2c39e90264f33305004495a9","hash":"01b9fc11c88cdd5420c3b90fac431a4fbb084a4b"}
,"/home/manjunathan/crudapp/RestApi/middleware/validation.js": {"path":"/home/manjunathan/crudapp/RestApi/middleware/validation.js","statementMap":{"0":{"start":{"line":1,"column":18},"end":{"line":1,"column":46}},"1":{"start":{"line":4,"column":15},"end":{"line":10,"column":1}},"2":{"start":{"line":12,"column":0},"end":{"line":12,"column":13}},"3":{"start":{"line":14,"column":10},"end":{"line":14,"column":25}},"4":{"start":{"line":15,"column":0},"end":{"line":15,"column":39}},"5":{"start":{"line":16,"column":0},"end":{"line":26,"column":1}},"6":{"start":{"line":17,"column":4},"end":{"line":17,"column":17}},"7":{"start":{"line":18,"column":4},"end":{"line":23,"column":7}},"8":{"start":{"line":25,"column":4},"end":{"line":25,"column":10}},"9":{"start":{"line":28,"column":0},"end":{"line":30,"column":2}}},"fnMap":{"0":{"name":"validationResult","decl":{"start":{"line":13,"column":9},"end":{"line":13,"column":25}},"loc":{"start":{"line":13,"column":40},"end":{"line":27,"column":1}},"line":13}},"branchMap":{"0":{"loc":{"start":{"line":16,"column":0},"end":{"line":26,"column":1}},"type":"if","locations":[{"start":{"line":16,"column":0},"end":{"line":26,"column":1}},{"start":{"line":16,"column":0},"end":{"line":26,"column":1}}],"line":16}},"s":{"0":1,"1":1,"2":1,"3":1,"4":1,"5":1,"6":0,"7":0,"8":1,"9":1},"f":{"0":1},"b":{"0":[0,1]},"_coverageSchema":"1a1c01bbd47fc00a2c39e90264f33305004495a9","hash":"4da9d0c0f49776bffb074be2289994e83e0cf4ab"}
,"/home/manjunathan/crudapp/RestApi/models/department.js": {"path":"/home/manjunathan/crudapp/RestApi/models/department.js","statementMap":{"0":{"start":{"line":4,"column":4},"end":{"line":4,"column":24}},"1":{"start":{"line":5,"column":0},"end":{"line":25,"column":2}},"2":{"start":{"line":16,"column":2},"end":{"line":23,"column":5}},"3":{"start":{"line":24,"column":2},"end":{"line":24,"column":20}}},"fnMap":{"0":{"name":"(anonymous_0)","decl":{"start":{"line":5,"column":17},"end":{"line":5,"column":18}},"loc":{"start":{"line":5,"column":43},"end":{"line":25,"column":1}},"line":5},"1":{"name":"(anonymous_1)","decl":{"start":{"line":12,"column":4},"end":{"line":12,"column":5}},"loc":{"start":{"line":12,"column":29},"end":{"line":14,"column":5}},"line":12}},"branchMap":{},"s":{"0":1,"1":1,"2":1,"3":1},"f":{"0":1,"1":1},"b":{},"_coverageSchema":"1a1c01bbd47fc00a2c39e90264f33305004495a9","hash":"3df799ca8b9b12046552dde8c1b5dc6eba748626"}
,"/home/manjunathan/crudapp/RestApi/models/index.js": {"path":"/home/manjunathan/crudapp/RestApi/models/index.js","statementMap":{"0":{"start":{"line":3,"column":11},"end":{"line":3,"column":24}},"1":{"start":{"line":4,"column":13},"end":{"line":4,"column":28}},"2":{"start":{"line":5,"column":18},"end":{"line":5,"column":38}},"3":{"start":{"line":6,"column":17},"end":{"line":6,"column":42}},"4":{"start":{"line":7,"column":12},"end":{"line":7,"column":49}},"5":{"start":{"line":8,"column":15},"end":{"line":8,"column":65}},"6":{"start":{"line":9,"column":11},"end":{"line":9,"column":13}},"7":{"start":{"line":12,"column":0},"end":{"line":16,"column":1}},"8":{"start":{"line":13,"column":2},"end":{"line":13,"column":74}},"9":{"start":{"line":15,"column":2},"end":{"line":15,"column":87}},"10":{"start":{"line":18,"column":0},"end":{"line":26,"column":5}},"11":{"start":{"line":21,"column":4},"end":{"line":21,"column":90}},"12":{"start":{"line":24,"column":18},"end":{"line":24,"column":85}},"13":{"start":{"line":25,"column":4},"end":{"line":25,"column":27}},"14":{"start":{"line":28,"column":0},"end":{"line":32,"column":3}},"15":{"start":{"line":29,"column":2},"end":{"line":31,"column":3}},"16":{"start":{"line":30,"column":4},"end":{"line":30,"column":32}},"17":{"start":{"line":34,"column":0},"end":{"line":34,"column":25}},"18":{"start":{"line":35,"column":0},"end":{"line":35,"column":25}},"19":{"start":{"line":36,"column":0},"end":{"line":36,"column":16}},"20":{"start":{"line":38,"column":0},"end":{"line":38,"column":20}}},"fnMap":{"0":{"name":"(anonymous_0)","decl":{"start":{"line":20,"column":10},"end":{"line":20,"column":11}},"loc":{"start":{"line":20,"column":18},"end":{"line":22,"column":3}},"line":20},"1":{"name":"(anonymous_1)","decl":{"start":{"line":23,"column":11},"end":{"line":23,"column":12}},"loc":{"start":{"line":23,"column":19},"end":{"line":26,"column":3}},"line":23},"2":{"name":"(anonymous_2)","decl":{"start":{"line":28,"column":24},"end":{"line":28,"column":25}},"loc":{"start":{"line":28,"column":37},"end":{"line":32,"column":1}},"line":28}},"branchMap":{"0":{"loc":{"start":{"line":7,"column":12},"end":{"line":7,"column":49}},"type":"binary-expr","locations":[{"start":{"line":7,"column":12},"end":{"line":7,"column":32}},{"start":{"line":7,"column":36},"end":{"line":7,"column":49}}],"line":7},"1":{"loc":{"start":{"line":12,"column":0},"end":{"line":16,"column":1}},"type":"if","locations":[{"start":{"line":12,"column":0},"end":{"line":16,"column":1}},{"start":{"line":12,"column":0},"end":{"line":16,"column":1}}],"line":12},"2":{"loc":{"start":{"line":21,"column":11},"end":{"line":21,"column":89}},"type":"binary-expr","locations":[{"start":{"line":21,"column":12},"end":{"line":21,"column":35}},{"start":{"line":21,"column":41},"end":{"line":21,"column":58}},{"start":{"line":21,"column":64},"end":{"line":21,"column":88}}],"line":21},"3":{"loc":{"start":{"line":29,"column":2},"end":{"line":31,"column":3}},"type":"if","locations":[{"start":{"line":29,"column":2},"end":{"line":31,"column":3}},{"start":{"line":29,"column":2},"end":{"line":31,"column":3}}],"line":29}},"s":{"0":1,"1":1,"2":1,"3":1,"4":1,"5":1,"6":1,"7":1,"8":0,"9":1,"10":1,"11":4,"12":3,"13":3,"14":1,"15":3,"16":3,"17":1,"18":1,"19":1,"20":1},"f":{"0":4,"1":3,"2":3},"b":{"0":[1,0],"1":[0,1],"2":[4,4,3],"3":[3,0]},"_coverageSchema":"1a1c01bbd47fc00a2c39e90264f33305004495a9","hash":"d64a90f22a3eb151e578f6deef46cf892e1e17e7"}
,"/home/manjunathan/crudapp/RestApi/models/student.js": {"path":"/home/manjunathan/crudapp/RestApi/models/student.js","statementMap":{"0":{"start":{"line":4,"column":4},"end":{"line":4,"column":24}},"1":{"start":{"line":5,"column":0},"end":{"line":26,"column":2}},"2":{"start":{"line":16,"column":2},"end":{"line":24,"column":5}},"3":{"start":{"line":25,"column":2},"end":{"line":25,"column":17}}},"fnMap":{"0":{"name":"(anonymous_0)","decl":{"start":{"line":5,"column":17},"end":{"line":5,"column":18}},"loc":{"start":{"line":5,"column":43},"end":{"line":26,"column":1}},"line":5},"1":{"name":"(anonymous_1)","decl":{"start":{"line":12,"column":4},"end":{"line":12,"column":5}},"loc":{"start":{"line":12,"column":29},"end":{"line":14,"column":5}},"line":12}},"branchMap":{},"s":{"0":1,"1":1,"2":1,"3":1},"f":{"0":1,"1":1},"b":{},"_coverageSchema":"1a1c01bbd47fc00a2c39e90264f33305004495a9","hash":"9c0d18a58457eb2b78917126ae9833864529eab2"}
,"/home/manjunathan/crudapp/RestApi/models/user.js": {"path":"/home/manjunathan/crudapp/RestApi/models/user.js","statementMap":{"0":{"start":{"line":4,"column":4},"end":{"line":4,"column":24}},"1":{"start":{"line":5,"column":0},"end":{"line":24,"column":2}},"2":{"start":{"line":16,"column":2},"end":{"line":22,"column":5}},"3":{"start":{"line":23,"column":2},"end":{"line":23,"column":14}}},"fnMap":{"0":{"name":"(anonymous_0)","decl":{"start":{"line":5,"column":17},"end":{"line":5,"column":18}},"loc":{"start":{"line":5,"column":43},"end":{"line":24,"column":1}},"line":5},"1":{"name":"(anonymous_1)","decl":{"start":{"line":12,"column":4},"end":{"line":12,"column":5}},"loc":{"start":{"line":12,"column":29},"end":{"line":14,"column":5}},"line":12}},"branchMap":{},"s":{"0":1,"1":1,"2":1,"3":1},"f":{"0":1,"1":1},"b":{},"_coverageSchema":"1a1c01bbd47fc00a2c39e90264f33305004495a9","hash":"0ec86743310655eaf956a5f2fce7cbae22e5f355"}
,"/home/manjunathan/crudapp/RestApi/routes/student.js": {"path":"/home/manjunathan/crudapp/RestApi/routes/student.js","statementMap":{"0":{"start":{"line":1,"column":16},"end":{"line":1,"column":34}},"1":{"start":{"line":2,"column":31},"end":{"line":2,"column":51}},"2":{"start":{"line":3,"column":26},"end":{"line":3,"column":70}},"3":{"start":{"line":4,"column":29},"end":{"line":4,"column":64}},"4":{"start":{"line":5,"column":15},"end":{"line":5,"column":31}},"5":{"start":{"line":6,"column":24},"end":{"line":6,"column":59}},"6":{"start":{"line":7,"column":29},"end":{"line":7,"column":58}},"7":{"start":{"line":8,"column":15},"end":{"line":8,"column":35}},"8":{"start":{"line":9,"column":21},"end":{"line":9,"column":35}},"9":{"start":{"line":10,"column":16},"end":{"line":10,"column":34}},"10":{"start":{"line":15,"column":0},"end":{"line":15,"column":75}},"11":{"start":{"line":19,"column":0},"end":{"line":19,"column":42}},"12":{"start":{"line":24,"column":0},"end":{"line":24,"column":78}},"13":{"start":{"line":28,"column":0},"end":{"line":28,"column":54}},"14":{"start":{"line":31,"column":0},"end":{"line":31,"column":48}},"15":{"start":{"line":35,"column":0},"end":{"line":35,"column":46}},"16":{"start":{"line":38,"column":0},"end":{"line":38,"column":79}},"17":{"start":{"line":41,"column":0},"end":{"line":41,"column":59}},"18":{"start":{"line":44,"column":0},"end":{"line":44,"column":72}},"19":{"start":{"line":47,"column":0},"end":{"line":47,"column":57}},"20":{"start":{"line":49,"column":0},"end":{"line":49,"column":24}}},"fnMap":{},"branchMap":{},"s":{"0":1,"1":1,"2":1,"3":1,"4":1,"5":1,"6":1,"7":1,"8":1,"9":1,"10":1,"11":1,"12":1,"13":1,"14":1,"15":1,"16":1,"17":1,"18":1,"19":1,"20":1},"f":{},"b":{},"_coverageSchema":"1a1c01bbd47fc00a2c39e90264f33305004495a9","hash":"f70741342e449b3a3db89565a09bd036410270d4"}
}
