TN:
SF:app.js
FN:8,(anonymous_0)
FN:12,(anonymous_1)
FNF:2
FNH:0
FNDA:0,(anonymous_0)
FNDA:0,(anonymous_1)
DA:1,1
DA:2,1
DA:3,1
DA:4,1
DA:5,1
DA:6,1
DA:8,1
DA:9,0
DA:12,1
DA:14,1
DA:16,1
DA:20,1
LF:12
LH:11
BRF:0
BRH:0
end_of_record
TN:
SF:dbconfig.js
FN:11,(anonymous_0)
FNF:1
FNH:1
FNDA:1,(anonymous_0)
DA:1,1
DA:3,1
DA:11,1
DA:12,1
DA:13,1
DA:14,1
DA:16,0
LF:7
LH:6
BRDA:13,0,0,1
BRDA:13,0,1,0
BRF:2
BRH:1
end_of_record
TN:
SF:server.js
FN:7,(anonymous_0)
FNF:1
FNH:1
FNDA:1,(anonymous_0)
DA:1,1
DA:2,1
DA:3,1
DA:5,1
DA:7,1
DA:8,1
LF:6
LH:6
BRDA:5,0,0,1
BRDA:5,0,1,1
BRF:2
BRH:2
end_of_record
TN:
SF:controllers/student.controller.js
FN:12,save
FN:20,(anonymous_1)
FN:28,(anonymous_2)
FN:35,(anonymous_3)
FN:47,showById
FN:49,(anonymous_5)
FN:59,(anonymous_6)
FN:66,showall
FN:68,(anonymous_8)
FN:70,(anonymous_9)
FN:80,update
FN:92,(anonymous_11)
FN:100,(anonymous_12)
FN:108,deletestudent
FN:111,(anonymous_14)
FN:118,(anonymous_15)
FN:128,signup
FN:131,(anonymous_17)
FN:138,(anonymous_18)
FN:139,(anonymous_19)
FN:148,(anonymous_20)
FN:155,(anonymous_21)
FN:165,(anonymous_22)
FN:173,login
FN:175,(anonymous_24)
FN:181,(anonymous_25)
FN:185,(anonymous_26)
FN:202,(anonymous_27)
FN:210,(anonymous_28)
FN:217,(anonymous_29)
FN:227,page
FN:231,(anonymous_31)
FN:235,(anonymous_32)
FN:243,bulkinsertion
FN:283,bulkupdate
FN:318,callExternalApiUsingRequest
FN:319,(anonymous_36)
FNF:37
FNH:5
FNDA:1,save
FNDA:1,(anonymous_1)
FNDA:1,(anonymous_2)
FNDA:0,(anonymous_3)
FNDA:0,showById
FNDA:0,(anonymous_5)
FNDA:0,(anonymous_6)
FNDA:1,showall
FNDA:1,(anonymous_8)
FNDA:0,(anonymous_9)
FNDA:0,update
FNDA:0,(anonymous_11)
FNDA:0,(anonymous_12)
FNDA:0,deletestudent
FNDA:0,(anonymous_14)
FNDA:0,(anonymous_15)
FNDA:0,signup
FNDA:0,(anonymous_17)
FNDA:0,(anonymous_18)
FNDA:0,(anonymous_19)
FNDA:0,(anonymous_20)
FNDA:0,(anonymous_21)
FNDA:0,(anonymous_22)
FNDA:0,login
FNDA:0,(anonymous_24)
FNDA:0,(anonymous_25)
FNDA:0,(anonymous_26)
FNDA:0,(anonymous_27)
FNDA:0,(anonymous_28)
FNDA:0,(anonymous_29)
FNDA:0,page
FNDA:0,(anonymous_31)
FNDA:0,(anonymous_32)
FNDA:0,bulkinsertion
FNDA:0,bulkupdate
FNDA:0,callExternalApiUsingRequest
FNDA:0,(anonymous_36)
DA:1,1
DA:2,1
DA:3,1
DA:4,1
DA:5,1
DA:6,1
DA:7,1
DA:8,1
DA:9,1
DA:13,1
DA:20,1
DA:21,1
DA:22,0
DA:28,1
DA:29,1
DA:36,0
DA:48,0
DA:49,0
DA:50,0
DA:51,0
DA:53,0
DA:60,0
DA:68,1
DA:69,1
DA:72,0
DA:81,0
DA:82,0
DA:92,0
DA:94,0
DA:101,0
DA:109,0
DA:111,0
DA:113,0
DA:119,0
DA:131,0
DA:132,0
DA:133,0
DA:138,0
DA:139,0
DA:141,0
DA:148,0
DA:149,0
DA:156,0
DA:166,0
DA:175,0
DA:176,0
DA:177,0
DA:181,0
DA:182,0
DA:183,0
DA:186,0
DA:193,0
DA:203,0
DA:210,1
DA:211,0
DA:212,0
DA:214,0
DA:217,1
DA:218,0
DA:219,0
DA:220,0
DA:222,0
DA:228,0
DA:229,0
DA:230,0
DA:232,0
DA:233,0
DA:236,0
DA:247,0
DA:248,0
DA:249,0
DA:251,0
DA:258,0
DA:259,0
DA:260,0
DA:261,0
DA:264,0
DA:265,0
DA:266,0
DA:267,0
DA:269,0
DA:271,0
DA:272,0
DA:275,0
DA:287,0
DA:288,0
DA:289,0
DA:291,0
DA:297,0
DA:299,0
DA:300,0
DA:301,0
DA:302,0
DA:303,0
DA:306,0
DA:307,0
DA:310,0
DA:319,0
DA:320,0
DA:321,0
DA:328,1
LF:101
LH:19
BRDA:21,0,0,0
BRDA:21,0,1,1
BRDA:50,1,0,0
BRDA:50,1,1,0
BRDA:132,2,0,0
BRDA:132,2,1,0
BRDA:176,3,0,0
BRDA:176,3,1,0
BRDA:182,4,0,0
BRDA:182,4,1,0
BRDA:211,5,0,0
BRDA:211,5,1,0
BRDA:212,6,0,0
BRDA:212,6,1,0
BRDA:219,7,0,0
BRDA:219,7,1,0
BRDA:238,8,0,0
BRDA:238,8,1,0
BRDA:260,9,0,0
BRDA:260,9,1,0
BRDA:266,10,0,0
BRDA:266,10,1,0
BRDA:301,11,0,0
BRDA:301,11,1,0
BRDA:320,12,0,0
BRDA:320,12,1,0
BRF:26
BRH:1
end_of_record
TN:
SF:middleware/auth.js
FN:3,checkAuth
FNF:1
FNH:0
FNDA:0,checkAuth
DA:1,1
DA:5,0
DA:7,0
DA:8,0
DA:9,0
DA:10,0
DA:14,0
DA:21,1
LF:8
LH:2
BRF:0
BRH:0
end_of_record
TN:
SF:middleware/validation.js
FN:13,validationResult
FNF:1
FNH:1
FNDA:1,validationResult
DA:1,1
DA:4,1
DA:12,1
DA:14,1
DA:15,1
DA:16,1
DA:17,0
DA:18,0
DA:25,1
DA:28,1
LF:10
LH:8
BRDA:16,0,0,0
BRDA:16,0,1,1
BRF:2
BRH:1
end_of_record
TN:
SF:models/department.js
FN:5,(anonymous_0)
FN:12,(anonymous_1)
FNF:2
FNH:2
FNDA:1,(anonymous_0)
FNDA:1,(anonymous_1)
DA:4,1
DA:5,1
DA:16,1
DA:24,1
LF:4
LH:4
BRF:0
BRH:0
end_of_record
TN:
SF:models/index.js
FN:20,(anonymous_0)
FN:23,(anonymous_1)
FN:28,(anonymous_2)
FNF:3
FNH:3
FNDA:4,(anonymous_0)
FNDA:3,(anonymous_1)
FNDA:3,(anonymous_2)
DA:3,1
DA:4,1
DA:5,1
DA:6,1
DA:7,1
DA:8,1
DA:9,1
DA:12,1
DA:13,0
DA:15,1
DA:18,1
DA:21,4
DA:24,3
DA:25,3
DA:28,1
DA:29,3
DA:30,3
DA:34,1
DA:35,1
DA:36,1
DA:38,1
LF:21
LH:20
BRDA:7,0,0,1
BRDA:7,0,1,0
BRDA:12,1,0,0
BRDA:12,1,1,1
BRDA:21,2,0,4
BRDA:21,2,1,4
BRDA:21,2,2,3
BRDA:29,3,0,3
BRDA:29,3,1,0
BRF:9
BRH:6
end_of_record
TN:
SF:models/student.js
FN:5,(anonymous_0)
FN:12,(anonymous_1)
FNF:2
FNH:2
FNDA:1,(anonymous_0)
FNDA:1,(anonymous_1)
DA:4,1
DA:5,1
DA:16,1
DA:25,1
LF:4
LH:4
BRF:0
BRH:0
end_of_record
TN:
SF:models/user.js
FN:5,(anonymous_0)
FN:12,(anonymous_1)
FNF:2
FNH:2
FNDA:1,(anonymous_0)
FNDA:1,(anonymous_1)
DA:4,1
DA:5,1
DA:16,1
DA:23,1
LF:4
LH:4
BRF:0
BRH:0
end_of_record
TN:
SF:routes/student.js
FNF:0
FNH:0
DA:1,1
DA:2,1
DA:3,1
DA:4,1
DA:5,1
DA:6,1
DA:7,1
DA:8,1
DA:9,1
DA:10,1
DA:15,1
DA:19,1
DA:24,1
DA:28,1
DA:31,1
DA:35,1
DA:38,1
DA:41,1
DA:44,1
DA:47,1
DA:49,1
LF:21
LH:21
BRF:0
BRH:0
end_of_record
